{
  "RSpec": {
    "coverage": {
      "/Users/Armi/Code/progetti/ma_schedule/ma_schedule_api/app/models/performance.rb": [
        1,
        1,
        null
      ],
      "/Users/Armi/Code/progetti/ma_schedule/ma_schedule_api/app/models/period.rb": [
        1,
        1,
        1,
        null,
        1,
        null
      ],
      "/Users/Armi/Code/progetti/ma_schedule/ma_schedule_api/app/controllers/api/performances_controller.rb": [
        1,
        1,
        null,
        1,
        2,
        null,
        null,
        1,
        2,
        2,
        null,
        null,
        1,
        5,
        5,
        5,
        null,
        null,
        null,
        null,
        null,
        0,
        null,
        null,
        null,
        null,
        null,
        1,
        1,
        1,
        1,
        null,
        null,
        null,
        null,
        null,
        0,
        null,
        null,
        null,
        null,
        null,
        1,
        1,
        1,
        1,
        null,
        null,
        null,
        null,
        1,
        null,
        1,
        6,
        null,
        null,
        1,
        11,
        null,
        null
      ],
      "/Users/Armi/Code/progetti/ma_schedule/ma_schedule_api/app/controllers/api/api_controller.rb": [
        1,
        1,
        1,
        null,
        null,
        null
      ],
      "/Users/Armi/Code/progetti/ma_schedule/ma_schedule_api/app/controllers/application_controller.rb": [
        1,
        null,
        null,
        1,
        null
      ],
      "/Users/Armi/Code/progetti/ma_schedule/ma_schedule_api/app/controllers/api/periods_controller.rb": [
        1,
        null,
        1,
        5,
        5,
        null,
        null,
        1,
        2,
        2,
        null,
        null,
        1,
        2,
        2,
        2,
        null,
        null,
        null,
        null,
        0,
        null,
        null,
        null,
        null,
        null,
        1,
        1,
        1,
        1,
        null,
        null,
        null,
        null,
        0,
        null,
        null,
        null,
        null,
        null,
        1,
        1,
        1,
        1,
        null,
        null,
        null,
        null,
        1,
        null,
        1,
        3,
        null,
        null,
        null,
        null
      ]
    },
    "timestamp": 1434912344
  }
}
