{
  "RSpec": {
    "coverage": {
      "/Users/Armi/Projects/ma_schedule/app/controllers/performances_controller.rb": [
        1,
        1,
        3,
        3,
        null,
        null,
        1,
        3,
        3,
        3,
        null,
        null,
        1,
        3,
        null,
        null
      ],
      "/Users/Armi/Projects/ma_schedule/app/controllers/application_controller.rb": [
        1,
        null,
        null,
        1,
        null
      ],
      "/Users/Armi/Projects/ma_schedule/app/models/performance.rb": [
        1,
        1,
        null
      ],
      "/Users/Armi/Projects/ma_schedule/app/models/period.rb": [
        1,
        1,
        null
      ],
      "/Users/Armi/Projects/ma_schedule/app/controllers/periods_controller.rb": [
        1,
        1,
        23,
        null,
        null,
        1,
        7,
        null,
        null,
        1,
        7,
        7,
        7,
        null,
        null,
        1,
        1,
        null,
        null,
        1,
        1,
        1,
        1,
        null,
        null,
        1,
        1,
        1,
        1,
        1,
        null,
        null,
        1,
        8,
        null,
        null,
        null
      ]
    },
    "timestamp": 1433076108
  }
}
